2023-12-28T06:44:11.527-05:00  WARN 27724 --- [HikariPool-1 housekeeper] com.zaxxer.hikari.pool.HikariPool        : HikariPool-1 - Thread starvation or clock leap detected (housekeeper delta=9h33m7s788ms841µs).
2023-12-28T10:32:57.344-05:00  INFO 30408 --- [main] org.camunda.bpm.run.CamundaBpmRun        : Starting CamundaBpmRun v7.21.0-alpha2 using Java 21.0.1 with PID 30408 (D:\camunda\internal\camunda-bpm-run-core.jar started by Arman in D:\camunda)
2023-12-28T10:32:57.354-05:00  INFO 30408 --- [main] org.camunda.bpm.run.CamundaBpmRun        : No active profile set, falling back to 1 default profile: "default"
2023-12-28T10:32:59.808-05:00  INFO 30408 --- [main] o.s.b.w.embedded.tomcat.TomcatWebServer  : Tomcat initialized with port(s): 8443 (https)
2023-12-28T10:32:59.825-05:00  INFO 30408 --- [main] o.apache.catalina.core.StandardService   : Starting service [Tomcat]
2023-12-28T10:32:59.826-05:00  INFO 30408 --- [main] o.apache.catalina.core.StandardEngine    : Starting Servlet engine: [Apache Tomcat/10.1.15]
2023-12-28T10:32:59.946-05:00  INFO 30408 --- [main] o.a.c.c.C.[Tomcat].[localhost].[/]       : Initializing Spring embedded WebApplicationContext
2023-12-28T10:32:59.946-05:00  INFO 30408 --- [main] w.s.c.ServletWebServerApplicationContext : Root WebApplicationContext: initialization completed in 2188 ms
2023-12-28T10:33:00.090-05:00  INFO 30408 --- [main] .c.b.s.b.s.r.CamundaJerseyResourceConfig : Configuring camunda rest api.
2023-12-28T10:33:00.138-05:00  INFO 30408 --- [main] .c.b.s.b.s.r.CamundaJerseyResourceConfig : Finished configuring camunda rest api.
2023-12-28T10:33:00.648-05:00  INFO 30408 --- [main] org.camunda.bpm.spring.boot              : STARTER-SB040 Setting up jobExecutor with corePoolSize=3, maxPoolSize:10
2023-12-28T10:33:00.771-05:00  INFO 30408 --- [main] org.camunda.bpm.engine.cfg               : ENGINE-12003 Plugin 'CompositeProcessEnginePlugin[genericPropertiesConfiguration, camundaDeploymentConfiguration, camundaProcessEngineConfiguration, camundaDatasourceConfiguration, camundaJobConfiguration, camundaHistoryConfiguration, camundaMetricsConfiguration, camundaAuthorizationConfiguration, failedJobConfiguration, eventPublisherPlugin, ApplicationContextClassloaderSwitchPlugin, ConnectProcessEnginePlugin, SpringBootSpinProcessEnginePlugin]' activated on process engine 'default'
2023-12-28T10:33:00.813-05:00  INFO 30408 --- [main] org.camunda.bpm.spring.boot              : STARTER-SB021 Auto-Deploying resources: []
2023-12-28T10:33:00.822-05:00  INFO 30408 --- [main] o.c.b.s.b.s.event.EventPublisherPlugin   : EVENTING-001: Initialized Camunda Spring Boot Eventing Engine Plugin.
2023-12-28T10:33:00.823-05:00  INFO 30408 --- [main] o.c.b.s.b.s.event.EventPublisherPlugin   : EVENTING-003: Task events will be published as Spring Events.
2023-12-28T10:33:00.823-05:00  INFO 30408 --- [main] o.c.b.s.b.s.event.EventPublisherPlugin   : EVENTING-005: Execution events will be published as Spring Events.
2023-12-28T10:33:00.823-05:00  INFO 30408 --- [main] o.c.b.s.b.s.event.EventPublisherPlugin   : EVENTING-009: Listeners will not be invoked if a skipCustomListeners API parameter is set to true by user.
2023-12-28T10:33:00.834-05:00  INFO 30408 --- [main] o.c.b.s.b.s.event.EventPublisherPlugin   : EVENTING-007: History events will be published as Spring events.
2023-12-28T10:33:01.121-05:00  INFO 30408 --- [main] org.camunda.bpm.connect                  : CNCT-01004 Discovered provider for connector id 'http-connector' and class 'org.camunda.connect.httpclient.impl.HttpConnectorImpl': 'org.camunda.connect.httpclient.impl.HttpConnectorProviderImpl'
2023-12-28T10:33:01.125-05:00  INFO 30408 --- [main] org.camunda.bpm.connect                  : CNCT-01004 Discovered provider for connector id 'soap-http-connector' and class 'org.camunda.connect.httpclient.soap.impl.SoapHttpConnectorImpl': 'org.camunda.connect.httpclient.soap.impl.SoapHttpConnectorProviderImpl'
2023-12-28T10:33:01.134-05:00  INFO 30408 --- [main] org.camunda.spin                         : SPIN-01010 Discovered Spin data format provider: org.camunda.spin.impl.json.jackson.format.JacksonJsonDataFormatProvider[name = application/json]
2023-12-28T10:33:01.380-05:00  INFO 30408 --- [main] org.camunda.spin                         : SPIN-01010 Discovered Spin data format provider: org.camunda.spin.impl.xml.dom.format.DomXmlDataFormatProvider[name = application/xml]
2023-12-28T10:33:01.520-05:00  INFO 30408 --- [main] org.camunda.spin                         : SPIN-01009 Discovered Spin data format: org.camunda.spin.impl.xml.dom.format.DomXmlDataFormat[name = application/xml]
2023-12-28T10:33:01.520-05:00  INFO 30408 --- [main] org.camunda.spin                         : SPIN-01009 Discovered Spin data format: org.camunda.spin.impl.json.jackson.format.JacksonJsonDataFormat[name = application/json]
2023-12-28T10:33:01.668-05:00  INFO 30408 --- [main] org.camunda.bpm.dmn.feel.scala           : FEEL/SCALA-01001 Spin value mapper detected
2023-12-28T10:33:01.777-05:00  INFO 30408 --- [main] org.camunda.feel.FeelEngine              : Engine created. [value-mapper: CompositeValueMapper(List(org.camunda.feel.impl.JavaValueMapper@24e83d19, org.camunda.spin.plugin.impl.feel.integration.SpinValueMapper@5c080ef3)), function-provider: org.camunda.bpm.dmn.feel.impl.scala.function.CustomFunctionTransformer@672b72ba, clock: SystemClock, configuration: Configuration(false)]
2023-12-28T10:33:01.875-05:00  INFO 30408 --- [main] com.zaxxer.hikari.HikariDataSource       : HikariPool-1 - Starting...
2023-12-28T10:33:02.244-05:00  INFO 30408 --- [main] com.zaxxer.hikari.pool.HikariPool        : HikariPool-1 - Added connection ConnectionID:1 ClientConnectionId: f4f11798-b41e-4ce9-984d-4c69290d7808
2023-12-28T10:33:02.247-05:00  INFO 30408 --- [main] com.zaxxer.hikari.HikariDataSource       : HikariPool-1 - Start completed.
2023-12-28T10:33:10.504-05:00  INFO 30408 --- [main] org.camunda.bpm.engine                   : ENGINE-00001 Process Engine default created.
2023-12-28T10:33:11.374-05:00  INFO 30408 --- [main] o.c.b.s.b.s.w.f.LazyInitRegistration     : lazy initialized org.camunda.bpm.spring.boot.starter.webapp.filter.LazySecurityFilter@6d467c87
2023-12-28T10:33:11.377-05:00  INFO 30408 --- [main] o.c.b.s.b.s.w.f.LazyInitRegistration     : lazy initialized org.camunda.bpm.spring.boot.starter.webapp.filter.LazyProcessEnginesFilter@42f22995
2023-12-28T10:33:11.394-05:00  WARN 30408 --- [main] .b.a.g.t.GroovyTemplateAutoConfiguration : Cannot find template location: classpath:/templates/ (please add some templates, check your Groovy configuration, or set spring.groovy.template.check-template-location=false)
2023-12-28T10:33:11.878-05:00  INFO 30408 --- [main] o.a.t.util.net.NioEndpoint.certificate   : Connector [https-jsse-nio-8443], TLS virtual host [_default_], certificate type [UNDEFINED] configured from keystore [C:\Users\Arman\.keystore] using alias [camunda] with trust store [null]
2023-12-28T10:33:11.907-05:00  INFO 30408 --- [main] o.s.b.w.embedded.tomcat.TomcatWebServer  : Tomcat started on port(s): 8443 (https) with context path ''
2023-12-28T10:33:11.936-05:00  INFO 30408 --- [main] org.camunda.bpm.run.CamundaBpmRun        : Started CamundaBpmRun in 15.286 seconds (process running for 17.715)
2023-12-28T10:33:11.940-05:00  INFO 30408 --- [main] org.camunda.bpm.engine.jobexecutor       : ENGINE-14014 Starting up the JobExecutor[org.camunda.bpm.engine.spring.components.jobexecutor.SpringJobExecutor].
2023-12-28T10:33:11.943-05:00  INFO 30408 --- [JobExecutor[org.camunda.bpm.engine.spring.components.jobexecutor.SpringJobExecutor]] org.camunda.bpm.engine.jobexecutor       : ENGINE-14018 JobExecutor[org.camunda.bpm.engine.spring.components.jobexecutor.SpringJobExecutor] starting to acquire jobs
2023-12-28T10:33:19.446-05:00  INFO 30408 --- [https-jsse-nio-8443-exec-1] o.a.c.c.C.[Tomcat].[localhost].[/]       : Initializing Spring DispatcherServlet 'dispatcherServlet'
2023-12-28T10:33:19.446-05:00  INFO 30408 --- [https-jsse-nio-8443-exec-1] o.s.web.servlet.DispatcherServlet        : Initializing Servlet 'dispatcherServlet'
2023-12-28T10:33:19.448-05:00  INFO 30408 --- [https-jsse-nio-8443-exec-1] o.s.web.servlet.DispatcherServlet        : Completed initialization in 2 ms
2023-12-28T10:56:28.906-05:00  INFO 3456 --- [main] org.camunda.bpm.run.CamundaBpmRun        : Starting CamundaBpmRun v7.21.0-alpha2 using Java 21.0.1 with PID 3456 (D:\camunda\internal\camunda-bpm-run-core.jar started by Arman in D:\camunda)
2023-12-28T10:56:28.913-05:00  INFO 3456 --- [main] org.camunda.bpm.run.CamundaBpmRun        : No active profile set, falling back to 1 default profile: "default"
2023-12-28T10:56:31.228-05:00  INFO 3456 --- [main] o.s.b.w.embedded.tomcat.TomcatWebServer  : Tomcat initialized with port(s): 8443 (https)
2023-12-28T10:56:31.245-05:00  INFO 3456 --- [main] o.apache.catalina.core.StandardService   : Starting service [Tomcat]
2023-12-28T10:56:31.246-05:00  INFO 3456 --- [main] o.apache.catalina.core.StandardEngine    : Starting Servlet engine: [Apache Tomcat/10.1.15]
2023-12-28T10:56:31.344-05:00  INFO 3456 --- [main] o.a.c.c.C.[Tomcat].[localhost].[/]       : Initializing Spring embedded WebApplicationContext
2023-12-28T10:56:31.346-05:00  INFO 3456 --- [main] w.s.c.ServletWebServerApplicationContext : Root WebApplicationContext: initialization completed in 2083 ms
2023-12-28T10:56:31.443-05:00  INFO 3456 --- [main] .c.b.s.b.s.r.CamundaJerseyResourceConfig : Configuring camunda rest api.
2023-12-28T10:56:31.491-05:00  INFO 3456 --- [main] .c.b.s.b.s.r.CamundaJerseyResourceConfig : Finished configuring camunda rest api.
2023-12-28T10:56:32.048-05:00  INFO 3456 --- [main] org.camunda.bpm.spring.boot              : STARTER-SB040 Setting up jobExecutor with corePoolSize=3, maxPoolSize:10
2023-12-28T10:56:32.175-05:00  INFO 3456 --- [main] org.camunda.bpm.engine.cfg               : ENGINE-12003 Plugin 'CompositeProcessEnginePlugin[genericPropertiesConfiguration, camundaDeploymentConfiguration, camundaProcessEngineConfiguration, camundaDatasourceConfiguration, camundaJobConfiguration, camundaHistoryConfiguration, camundaMetricsConfiguration, camundaAuthorizationConfiguration, failedJobConfiguration, eventPublisherPlugin, ApplicationContextClassloaderSwitchPlugin, ConnectProcessEnginePlugin, SpringBootSpinProcessEnginePlugin]' activated on process engine 'default'
2023-12-28T10:56:32.212-05:00  INFO 3456 --- [main] org.camunda.bpm.spring.boot              : STARTER-SB021 Auto-Deploying resources: []
2023-12-28T10:56:32.223-05:00  INFO 3456 --- [main] o.c.b.s.b.s.event.EventPublisherPlugin   : EVENTING-001: Initialized Camunda Spring Boot Eventing Engine Plugin.
2023-12-28T10:56:32.224-05:00  INFO 3456 --- [main] o.c.b.s.b.s.event.EventPublisherPlugin   : EVENTING-003: Task events will be published as Spring Events.
2023-12-28T10:56:32.224-05:00  INFO 3456 --- [main] o.c.b.s.b.s.event.EventPublisherPlugin   : EVENTING-005: Execution events will be published as Spring Events.
2023-12-28T10:56:32.224-05:00  INFO 3456 --- [main] o.c.b.s.b.s.event.EventPublisherPlugin   : EVENTING-009: Listeners will not be invoked if a skipCustomListeners API parameter is set to true by user.
2023-12-28T10:56:32.240-05:00  INFO 3456 --- [main] o.c.b.s.b.s.event.EventPublisherPlugin   : EVENTING-007: History events will be published as Spring events.
2023-12-28T10:56:32.457-05:00  INFO 3456 --- [main] org.camunda.bpm.connect                  : CNCT-01004 Discovered provider for connector id 'http-connector' and class 'org.camunda.connect.httpclient.impl.HttpConnectorImpl': 'org.camunda.connect.httpclient.impl.HttpConnectorProviderImpl'
2023-12-28T10:56:32.461-05:00  INFO 3456 --- [main] org.camunda.bpm.connect                  : CNCT-01004 Discovered provider for connector id 'soap-http-connector' and class 'org.camunda.connect.httpclient.soap.impl.SoapHttpConnectorImpl': 'org.camunda.connect.httpclient.soap.impl.SoapHttpConnectorProviderImpl'
2023-12-28T10:56:32.470-05:00  INFO 3456 --- [main] org.camunda.spin                         : SPIN-01010 Discovered Spin data format provider: org.camunda.spin.impl.json.jackson.format.JacksonJsonDataFormatProvider[name = application/json]
2023-12-28T10:56:32.783-05:00  INFO 3456 --- [main] org.camunda.spin                         : SPIN-01010 Discovered Spin data format provider: org.camunda.spin.impl.xml.dom.format.DomXmlDataFormatProvider[name = application/xml]
2023-12-28T10:56:32.936-05:00  INFO 3456 --- [main] org.camunda.spin                         : SPIN-01009 Discovered Spin data format: org.camunda.spin.impl.xml.dom.format.DomXmlDataFormat[name = application/xml]
2023-12-28T10:56:32.937-05:00  INFO 3456 --- [main] org.camunda.spin                         : SPIN-01009 Discovered Spin data format: org.camunda.spin.impl.json.jackson.format.JacksonJsonDataFormat[name = application/json]
2023-12-28T10:56:33.082-05:00  INFO 3456 --- [main] org.camunda.bpm.dmn.feel.scala           : FEEL/SCALA-01001 Spin value mapper detected
2023-12-28T10:56:33.196-05:00  INFO 3456 --- [main] org.camunda.feel.FeelEngine              : Engine created. [value-mapper: CompositeValueMapper(List(org.camunda.feel.impl.JavaValueMapper@9b21bd3, org.camunda.spin.plugin.impl.feel.integration.SpinValueMapper@a62c7cd)), function-provider: org.camunda.bpm.dmn.feel.impl.scala.function.CustomFunctionTransformer@67c5ac52, clock: SystemClock, configuration: Configuration(false)]
2023-12-28T10:56:33.296-05:00  INFO 3456 --- [main] com.zaxxer.hikari.HikariDataSource       : HikariPool-1 - Starting...
2023-12-28T10:56:33.653-05:00  INFO 3456 --- [main] com.zaxxer.hikari.pool.HikariPool        : HikariPool-1 - Added connection ConnectionID:1 ClientConnectionId: 8cac9a03-f15a-4290-99dc-f926b36d924d
2023-12-28T10:56:33.657-05:00  INFO 3456 --- [main] com.zaxxer.hikari.HikariDataSource       : HikariPool-1 - Start completed.
2023-12-28T10:56:36.372-05:00  INFO 3456 --- [main] org.camunda.bpm.engine                   : ENGINE-00001 Process Engine default created.
2023-12-28T10:56:36.815-05:00  INFO 3456 --- [main] o.c.b.s.b.s.w.f.LazyInitRegistration     : lazy initialized org.camunda.bpm.spring.boot.starter.webapp.filter.LazyProcessEnginesFilter@57bd802b
2023-12-28T10:56:36.908-05:00  INFO 3456 --- [main] o.c.b.s.b.s.w.f.LazyInitRegistration     : lazy initialized org.camunda.bpm.spring.boot.starter.webapp.filter.LazySecurityFilter@682c1e93
2023-12-28T10:56:36.924-05:00  WARN 3456 --- [main] .b.a.g.t.GroovyTemplateAutoConfiguration : Cannot find template location: classpath:/templates/ (please add some templates, check your Groovy configuration, or set spring.groovy.template.check-template-location=false)
2023-12-28T10:56:37.412-05:00  INFO 3456 --- [main] o.a.t.util.net.NioEndpoint.certificate   : Connector [https-jsse-nio-8443], TLS virtual host [_default_], certificate type [UNDEFINED] configured from keystore [C:\Users\Arman\.keystore] using alias [camunda] with trust store [null]
2023-12-28T10:56:37.442-05:00  INFO 3456 --- [main] o.s.b.w.embedded.tomcat.TomcatWebServer  : Tomcat started on port(s): 8443 (https) with context path ''
2023-12-28T10:56:37.476-05:00  INFO 3456 --- [main] org.camunda.bpm.run.CamundaBpmRun        : Started CamundaBpmRun in 9.346 seconds (process running for 12.002)
2023-12-28T10:56:37.481-05:00  INFO 3456 --- [main] org.camunda.bpm.engine.jobexecutor       : ENGINE-14014 Starting up the JobExecutor[org.camunda.bpm.engine.spring.components.jobexecutor.SpringJobExecutor].
2023-12-28T10:56:37.486-05:00  INFO 3456 --- [JobExecutor[org.camunda.bpm.engine.spring.components.jobexecutor.SpringJobExecutor]] org.camunda.bpm.engine.jobexecutor       : ENGINE-14018 JobExecutor[org.camunda.bpm.engine.spring.components.jobexecutor.SpringJobExecutor] starting to acquire jobs
2023-12-28T10:56:51.344-05:00  INFO 3456 --- [https-jsse-nio-8443-exec-3] o.a.c.c.C.[Tomcat].[localhost].[/]       : Initializing Spring DispatcherServlet 'dispatcherServlet'
2023-12-28T10:56:51.345-05:00  INFO 3456 --- [https-jsse-nio-8443-exec-3] o.s.web.servlet.DispatcherServlet        : Initializing Servlet 'dispatcherServlet'
2023-12-28T10:56:51.347-05:00  INFO 3456 --- [https-jsse-nio-8443-exec-3] o.s.web.servlet.DispatcherServlet        : Completed initialization in 2 ms
2023-12-28T11:13:31.767-05:00  INFO 25040 --- [main] org.camunda.bpm.run.CamundaBpmRun        : Starting CamundaBpmRun v7.21.0-alpha2 using Java 21.0.1 with PID 25040 (D:\camunda\internal\camunda-bpm-run-core.jar started by Arman in D:\camunda)
2023-12-28T11:13:31.773-05:00  INFO 25040 --- [main] org.camunda.bpm.run.CamundaBpmRun        : No active profile set, falling back to 1 default profile: "default"
2023-12-28T11:13:33.899-05:00  INFO 25040 --- [main] o.s.b.w.embedded.tomcat.TomcatWebServer  : Tomcat initialized with port(s): 8443 (https)
2023-12-28T11:13:33.916-05:00  INFO 25040 --- [main] o.apache.catalina.core.StandardService   : Starting service [Tomcat]
2023-12-28T11:13:33.918-05:00  INFO 25040 --- [main] o.apache.catalina.core.StandardEngine    : Starting Servlet engine: [Apache Tomcat/10.1.15]
2023-12-28T11:13:34.019-05:00  INFO 25040 --- [main] o.a.c.c.C.[Tomcat].[localhost].[/]       : Initializing Spring embedded WebApplicationContext
2023-12-28T11:13:34.020-05:00  INFO 25040 --- [main] w.s.c.ServletWebServerApplicationContext : Root WebApplicationContext: initialization completed in 1919 ms
2023-12-28T11:13:34.087-05:00  INFO 25040 --- [main] .c.b.s.b.s.r.CamundaJerseyResourceConfig : Configuring camunda rest api.
2023-12-28T11:13:34.129-05:00  INFO 25040 --- [main] .c.b.s.b.s.r.CamundaJerseyResourceConfig : Finished configuring camunda rest api.
2023-12-28T11:13:34.620-05:00  INFO 25040 --- [main] org.camunda.bpm.spring.boot              : STARTER-SB040 Setting up jobExecutor with corePoolSize=3, maxPoolSize:10
2023-12-28T11:13:34.729-05:00  INFO 25040 --- [main] org.camunda.bpm.engine.cfg               : ENGINE-12003 Plugin 'CompositeProcessEnginePlugin[genericPropertiesConfiguration, camundaDeploymentConfiguration, camundaProcessEngineConfiguration, camundaDatasourceConfiguration, camundaJobConfiguration, camundaHistoryConfiguration, camundaMetricsConfiguration, camundaAuthorizationConfiguration, failedJobConfiguration, eventPublisherPlugin, ApplicationContextClassloaderSwitchPlugin, ConnectProcessEnginePlugin, SpringBootSpinProcessEnginePlugin]' activated on process engine 'default'
2023-12-28T11:13:34.757-05:00  INFO 25040 --- [main] org.camunda.bpm.spring.boot              : STARTER-SB021 Auto-Deploying resources: []
2023-12-28T11:13:34.763-05:00  INFO 25040 --- [main] o.c.b.s.b.s.event.EventPublisherPlugin   : EVENTING-001: Initialized Camunda Spring Boot Eventing Engine Plugin.
2023-12-28T11:13:34.764-05:00  INFO 25040 --- [main] o.c.b.s.b.s.event.EventPublisherPlugin   : EVENTING-003: Task events will be published as Spring Events.
2023-12-28T11:13:34.764-05:00  INFO 25040 --- [main] o.c.b.s.b.s.event.EventPublisherPlugin   : EVENTING-005: Execution events will be published as Spring Events.
2023-12-28T11:13:34.764-05:00  INFO 25040 --- [main] o.c.b.s.b.s.event.EventPublisherPlugin   : EVENTING-009: Listeners will not be invoked if a skipCustomListeners API parameter is set to true by user.
2023-12-28T11:13:34.778-05:00  INFO 25040 --- [main] o.c.b.s.b.s.event.EventPublisherPlugin   : EVENTING-007: History events will be published as Spring events.
2023-12-28T11:13:34.982-05:00  INFO 25040 --- [main] org.camunda.bpm.connect                  : CNCT-01004 Discovered provider for connector id 'http-connector' and class 'org.camunda.connect.httpclient.impl.HttpConnectorImpl': 'org.camunda.connect.httpclient.impl.HttpConnectorProviderImpl'
2023-12-28T11:13:34.985-05:00  INFO 25040 --- [main] org.camunda.bpm.connect                  : CNCT-01004 Discovered provider for connector id 'soap-http-connector' and class 'org.camunda.connect.httpclient.soap.impl.SoapHttpConnectorImpl': 'org.camunda.connect.httpclient.soap.impl.SoapHttpConnectorProviderImpl'
2023-12-28T11:13:34.993-05:00  INFO 25040 --- [main] org.camunda.spin                         : SPIN-01010 Discovered Spin data format provider: org.camunda.spin.impl.json.jackson.format.JacksonJsonDataFormatProvider[name = application/json]
2023-12-28T11:13:35.253-05:00  INFO 25040 --- [main] org.camunda.spin                         : SPIN-01010 Discovered Spin data format provider: org.camunda.spin.impl.xml.dom.format.DomXmlDataFormatProvider[name = application/xml]
2023-12-28T11:13:35.358-05:00  INFO 25040 --- [main] org.camunda.spin                         : SPIN-01009 Discovered Spin data format: org.camunda.spin.impl.xml.dom.format.DomXmlDataFormat[name = application/xml]
2023-12-28T11:13:35.359-05:00  INFO 25040 --- [main] org.camunda.spin                         : SPIN-01009 Discovered Spin data format: org.camunda.spin.impl.json.jackson.format.JacksonJsonDataFormat[name = application/json]
2023-12-28T11:13:35.485-05:00  INFO 25040 --- [main] org.camunda.bpm.dmn.feel.scala           : FEEL/SCALA-01001 Spin value mapper detected
2023-12-28T11:13:35.589-05:00  INFO 25040 --- [main] org.camunda.feel.FeelEngine              : Engine created. [value-mapper: CompositeValueMapper(List(org.camunda.feel.impl.JavaValueMapper@2b03d52f, org.camunda.spin.plugin.impl.feel.integration.SpinValueMapper@37e0292a)), function-provider: org.camunda.bpm.dmn.feel.impl.scala.function.CustomFunctionTransformer@1a865273, clock: SystemClock, configuration: Configuration(false)]
2023-12-28T11:13:35.697-05:00  INFO 25040 --- [main] com.zaxxer.hikari.HikariDataSource       : HikariPool-1 - Starting...
2023-12-28T11:13:35.979-05:00  INFO 25040 --- [main] com.zaxxer.hikari.pool.HikariPool        : HikariPool-1 - Added connection ConnectionID:1 ClientConnectionId: a2278609-3a21-4575-8583-9111b7af598e
2023-12-28T11:13:35.983-05:00  INFO 25040 --- [main] com.zaxxer.hikari.HikariDataSource       : HikariPool-1 - Start completed.
2023-12-28T11:13:38.422-05:00  INFO 25040 --- [main] org.camunda.bpm.engine                   : ENGINE-00001 Process Engine default created.
2023-12-28T11:13:39.040-05:00  INFO 25040 --- [main] o.c.b.s.b.s.w.f.LazyInitRegistration     : lazy initialized org.camunda.bpm.spring.boot.starter.webapp.filter.LazyProcessEnginesFilter@5432050b
2023-12-28T11:13:39.135-05:00  INFO 25040 --- [main] o.c.b.s.b.s.w.f.LazyInitRegistration     : lazy initialized org.camunda.bpm.spring.boot.starter.webapp.filter.LazySecurityFilter@5cbb84b1
2023-12-28T11:13:39.150-05:00  WARN 25040 --- [main] .b.a.g.t.GroovyTemplateAutoConfiguration : Cannot find template location: classpath:/templates/ (please add some templates, check your Groovy configuration, or set spring.groovy.template.check-template-location=false)
2023-12-28T11:13:39.644-05:00  INFO 25040 --- [main] o.a.t.util.net.NioEndpoint.certificate   : Connector [https-jsse-nio-8443], TLS virtual host [_default_], certificate type [UNDEFINED] configured from keystore [C:\Users\Arman\.keystore] using alias [camunda] with trust store [null]
2023-12-28T11:13:39.671-05:00  INFO 25040 --- [main] o.s.b.w.embedded.tomcat.TomcatWebServer  : Tomcat started on port(s): 8443 (https) with context path ''
2023-12-28T11:13:39.699-05:00  INFO 25040 --- [main] org.camunda.bpm.run.CamundaBpmRun        : Started CamundaBpmRun in 8.609 seconds (process running for 9.373)
2023-12-28T11:13:39.704-05:00  INFO 25040 --- [main] org.camunda.bpm.engine.jobexecutor       : ENGINE-14014 Starting up the JobExecutor[org.camunda.bpm.engine.spring.components.jobexecutor.SpringJobExecutor].
2023-12-28T11:13:39.706-05:00  INFO 25040 --- [JobExecutor[org.camunda.bpm.engine.spring.components.jobexecutor.SpringJobExecutor]] org.camunda.bpm.engine.jobexecutor       : ENGINE-14018 JobExecutor[org.camunda.bpm.engine.spring.components.jobexecutor.SpringJobExecutor] starting to acquire jobs
2023-12-28T11:13:55.801-05:00  INFO 25040 --- [https-jsse-nio-8443-exec-4] o.a.c.c.C.[Tomcat].[localhost].[/]       : Initializing Spring DispatcherServlet 'dispatcherServlet'
2023-12-28T11:13:55.802-05:00  INFO 25040 --- [https-jsse-nio-8443-exec-4] o.s.web.servlet.DispatcherServlet        : Initializing Servlet 'dispatcherServlet'
2023-12-28T11:13:55.803-05:00  INFO 25040 --- [https-jsse-nio-8443-exec-4] o.s.web.servlet.DispatcherServlet        : Completed initialization in 1 ms
2023-12-28T11:17:46.876-05:00  INFO 18304 --- [main] org.camunda.bpm.run.CamundaBpmRun        : Starting CamundaBpmRun v7.21.0-alpha2 using Java 21.0.1 with PID 18304 (D:\camunda\internal\camunda-bpm-run-core.jar started by Arman in D:\camunda)
2023-12-28T11:17:46.884-05:00  INFO 18304 --- [main] org.camunda.bpm.run.CamundaBpmRun        : No active profile set, falling back to 1 default profile: "default"
2023-12-28T11:17:48.967-05:00  INFO 18304 --- [main] o.s.b.w.embedded.tomcat.TomcatWebServer  : Tomcat initialized with port(s): 8443 (https)
2023-12-28T11:17:48.983-05:00  INFO 18304 --- [main] o.apache.catalina.core.StandardService   : Starting service [Tomcat]
2023-12-28T11:17:48.983-05:00  INFO 18304 --- [main] o.apache.catalina.core.StandardEngine    : Starting Servlet engine: [Apache Tomcat/10.1.15]
2023-12-28T11:17:49.084-05:00  INFO 18304 --- [main] o.a.c.c.C.[Tomcat].[localhost].[/]       : Initializing Spring embedded WebApplicationContext
2023-12-28T11:17:49.085-05:00  INFO 18304 --- [main] w.s.c.ServletWebServerApplicationContext : Root WebApplicationContext: initialization completed in 1881 ms
2023-12-28T11:17:49.155-05:00  INFO 18304 --- [main] .c.b.s.b.s.r.CamundaJerseyResourceConfig : Configuring camunda rest api.
2023-12-28T11:17:49.199-05:00  INFO 18304 --- [main] .c.b.s.b.s.r.CamundaJerseyResourceConfig : Finished configuring camunda rest api.
2023-12-28T11:17:49.744-05:00  INFO 18304 --- [main] org.camunda.bpm.spring.boot              : STARTER-SB040 Setting up jobExecutor with corePoolSize=3, maxPoolSize:10
2023-12-28T11:17:49.860-05:00  INFO 18304 --- [main] org.camunda.bpm.engine.cfg               : ENGINE-12003 Plugin 'CompositeProcessEnginePlugin[genericPropertiesConfiguration, camundaDeploymentConfiguration, camundaProcessEngineConfiguration, camundaDatasourceConfiguration, camundaJobConfiguration, camundaHistoryConfiguration, camundaMetricsConfiguration, camundaAuthorizationConfiguration, failedJobConfiguration, eventPublisherPlugin, ApplicationContextClassloaderSwitchPlugin, ConnectProcessEnginePlugin, SpringBootSpinProcessEnginePlugin]' activated on process engine 'default'
2023-12-28T11:17:49.896-05:00  INFO 18304 --- [main] org.camunda.bpm.spring.boot              : STARTER-SB021 Auto-Deploying resources: []
2023-12-28T11:17:49.903-05:00  INFO 18304 --- [main] o.c.b.s.b.s.event.EventPublisherPlugin   : EVENTING-001: Initialized Camunda Spring Boot Eventing Engine Plugin.
2023-12-28T11:17:49.903-05:00  INFO 18304 --- [main] o.c.b.s.b.s.event.EventPublisherPlugin   : EVENTING-003: Task events will be published as Spring Events.
2023-12-28T11:17:49.903-05:00  INFO 18304 --- [main] o.c.b.s.b.s.event.EventPublisherPlugin   : EVENTING-005: Execution events will be published as Spring Events.
2023-12-28T11:17:49.904-05:00  INFO 18304 --- [main] o.c.b.s.b.s.event.EventPublisherPlugin   : EVENTING-009: Listeners will not be invoked if a skipCustomListeners API parameter is set to true by user.
2023-12-28T11:17:49.914-05:00  INFO 18304 --- [main] o.c.b.s.b.s.event.EventPublisherPlugin   : EVENTING-007: History events will be published as Spring events.
2023-12-28T11:17:50.115-05:00  INFO 18304 --- [main] org.camunda.bpm.connect                  : CNCT-01004 Discovered provider for connector id 'http-connector' and class 'org.camunda.connect.httpclient.impl.HttpConnectorImpl': 'org.camunda.connect.httpclient.impl.HttpConnectorProviderImpl'
2023-12-28T11:17:50.118-05:00  INFO 18304 --- [main] org.camunda.bpm.connect                  : CNCT-01004 Discovered provider for connector id 'soap-http-connector' and class 'org.camunda.connect.httpclient.soap.impl.SoapHttpConnectorImpl': 'org.camunda.connect.httpclient.soap.impl.SoapHttpConnectorProviderImpl'
2023-12-28T11:17:50.124-05:00  INFO 18304 --- [main] org.camunda.spin                         : SPIN-01010 Discovered Spin data format provider: org.camunda.spin.impl.json.jackson.format.JacksonJsonDataFormatProvider[name = application/json]
2023-12-28T11:17:50.453-05:00  INFO 18304 --- [main] org.camunda.spin                         : SPIN-01010 Discovered Spin data format provider: org.camunda.spin.impl.xml.dom.format.DomXmlDataFormatProvider[name = application/xml]
2023-12-28T11:17:50.586-05:00  INFO 18304 --- [main] org.camunda.spin                         : SPIN-01009 Discovered Spin data format: org.camunda.spin.impl.xml.dom.format.DomXmlDataFormat[name = application/xml]
2023-12-28T11:17:50.586-05:00  INFO 18304 --- [main] org.camunda.spin                         : SPIN-01009 Discovered Spin data format: org.camunda.spin.impl.json.jackson.format.JacksonJsonDataFormat[name = application/json]
2023-12-28T11:17:50.733-05:00  INFO 18304 --- [main] org.camunda.bpm.dmn.feel.scala           : FEEL/SCALA-01001 Spin value mapper detected
2023-12-28T11:17:50.838-05:00  INFO 18304 --- [main] org.camunda.feel.FeelEngine              : Engine created. [value-mapper: CompositeValueMapper(List(org.camunda.feel.impl.JavaValueMapper@2b03d52f, org.camunda.spin.plugin.impl.feel.integration.SpinValueMapper@37e0292a)), function-provider: org.camunda.bpm.dmn.feel.impl.scala.function.CustomFunctionTransformer@1a865273, clock: SystemClock, configuration: Configuration(false)]
2023-12-28T11:17:50.949-05:00  INFO 18304 --- [main] com.zaxxer.hikari.HikariDataSource       : HikariPool-1 - Starting...
2023-12-28T11:17:51.241-05:00  INFO 18304 --- [main] com.zaxxer.hikari.pool.HikariPool        : HikariPool-1 - Added connection ConnectionID:1 ClientConnectionId: d33d259b-8348-4134-aa12-5700cb8fa2f3
2023-12-28T11:17:51.244-05:00  INFO 18304 --- [main] com.zaxxer.hikari.HikariDataSource       : HikariPool-1 - Start completed.
2023-12-28T11:17:53.270-05:00  INFO 18304 --- [main] org.camunda.bpm.engine                   : ENGINE-00001 Process Engine default created.
2023-12-28T11:17:53.829-05:00  INFO 18304 --- [main] o.c.b.s.b.s.w.f.LazyInitRegistration     : lazy initialized org.camunda.bpm.spring.boot.starter.webapp.filter.LazyProcessEnginesFilter@5432050b
2023-12-28T11:17:53.935-05:00  INFO 18304 --- [main] o.c.b.s.b.s.w.f.LazyInitRegistration     : lazy initialized org.camunda.bpm.spring.boot.starter.webapp.filter.LazySecurityFilter@5cbb84b1
2023-12-28T11:17:53.956-05:00  WARN 18304 --- [main] .b.a.g.t.GroovyTemplateAutoConfiguration : Cannot find template location: classpath:/templates/ (please add some templates, check your Groovy configuration, or set spring.groovy.template.check-template-location=false)
2023-12-28T11:17:54.451-05:00  INFO 18304 --- [main] o.a.t.util.net.NioEndpoint.certificate   : Connector [https-jsse-nio-8443], TLS virtual host [_default_], certificate type [UNDEFINED] configured from keystore [C:\Users\Arman\.keystore] using alias [camunda] with trust store [null]
2023-12-28T11:17:54.484-05:00  INFO 18304 --- [main] o.s.b.w.embedded.tomcat.TomcatWebServer  : Tomcat started on port(s): 8443 (https) with context path ''
2023-12-28T11:17:54.518-05:00  INFO 18304 --- [main] org.camunda.bpm.run.CamundaBpmRun        : Started CamundaBpmRun in 8.338 seconds (process running for 9.062)
2023-12-28T11:17:54.523-05:00  INFO 18304 --- [main] org.camunda.bpm.engine.jobexecutor       : ENGINE-14014 Starting up the JobExecutor[org.camunda.bpm.engine.spring.components.jobexecutor.SpringJobExecutor].
2023-12-28T11:17:54.527-05:00  INFO 18304 --- [JobExecutor[org.camunda.bpm.engine.spring.components.jobexecutor.SpringJobExecutor]] org.camunda.bpm.engine.jobexecutor       : ENGINE-14018 JobExecutor[org.camunda.bpm.engine.spring.components.jobexecutor.SpringJobExecutor] starting to acquire jobs
2023-12-28T11:18:01.425-05:00  INFO 18304 --- [https-jsse-nio-8443-exec-3] o.a.c.c.C.[Tomcat].[localhost].[/]       : Initializing Spring DispatcherServlet 'dispatcherServlet'
2023-12-28T11:18:01.426-05:00  INFO 18304 --- [https-jsse-nio-8443-exec-3] o.s.web.servlet.DispatcherServlet        : Initializing Servlet 'dispatcherServlet'
2023-12-28T11:18:01.428-05:00  INFO 18304 --- [https-jsse-nio-8443-exec-3] o.s.web.servlet.DispatcherServlet        : Completed initialization in 2 ms
2023-12-28T11:32:51.114-05:00  INFO 15668 --- [main] org.camunda.bpm.run.CamundaBpmRun        : Starting CamundaBpmRun v7.21.0-alpha2 using Java 21.0.1 with PID 15668 (D:\camunda\internal\camunda-bpm-run-core.jar started by Arman in D:\camunda)
2023-12-28T11:32:51.121-05:00  INFO 15668 --- [main] org.camunda.bpm.run.CamundaBpmRun        : No active profile set, falling back to 1 default profile: "default"
2023-12-28T11:32:53.184-05:00  INFO 15668 --- [main] o.s.b.w.embedded.tomcat.TomcatWebServer  : Tomcat initialized with port(s): 8443 (https)
2023-12-28T11:32:53.199-05:00  INFO 15668 --- [main] o.apache.catalina.core.StandardService   : Starting service [Tomcat]
2023-12-28T11:32:53.199-05:00  INFO 15668 --- [main] o.apache.catalina.core.StandardEngine    : Starting Servlet engine: [Apache Tomcat/10.1.15]
2023-12-28T11:32:53.291-05:00  INFO 15668 --- [main] o.a.c.c.C.[Tomcat].[localhost].[/]       : Initializing Spring embedded WebApplicationContext
2023-12-28T11:32:53.291-05:00  INFO 15668 --- [main] w.s.c.ServletWebServerApplicationContext : Root WebApplicationContext: initialization completed in 1852 ms
2023-12-28T11:32:53.349-05:00  INFO 15668 --- [main] .c.b.s.b.s.r.CamundaJerseyResourceConfig : Configuring camunda rest api.
2023-12-28T11:32:53.384-05:00  INFO 15668 --- [main] .c.b.s.b.s.r.CamundaJerseyResourceConfig : Finished configuring camunda rest api.
2023-12-28T11:32:53.881-05:00  INFO 15668 --- [main] org.camunda.bpm.spring.boot              : STARTER-SB040 Setting up jobExecutor with corePoolSize=3, maxPoolSize:10
2023-12-28T11:32:53.990-05:00  INFO 15668 --- [main] org.camunda.bpm.engine.cfg               : ENGINE-12003 Plugin 'CompositeProcessEnginePlugin[genericPropertiesConfiguration, camundaDeploymentConfiguration, camundaProcessEngineConfiguration, camundaDatasourceConfiguration, camundaJobConfiguration, camundaHistoryConfiguration, camundaMetricsConfiguration, camundaAuthorizationConfiguration, failedJobConfiguration, eventPublisherPlugin, ApplicationContextClassloaderSwitchPlugin, ConnectProcessEnginePlugin, SpringBootSpinProcessEnginePlugin]' activated on process engine 'default'
2023-12-28T11:32:54.027-05:00  INFO 15668 --- [main] org.camunda.bpm.spring.boot              : STARTER-SB021 Auto-Deploying resources: []
2023-12-28T11:32:54.032-05:00  INFO 15668 --- [main] o.c.b.s.b.s.event.EventPublisherPlugin   : EVENTING-001: Initialized Camunda Spring Boot Eventing Engine Plugin.
2023-12-28T11:32:54.033-05:00  INFO 15668 --- [main] o.c.b.s.b.s.event.EventPublisherPlugin   : EVENTING-003: Task events will be published as Spring Events.
2023-12-28T11:32:54.033-05:00  INFO 15668 --- [main] o.c.b.s.b.s.event.EventPublisherPlugin   : EVENTING-005: Execution events will be published as Spring Events.
2023-12-28T11:32:54.033-05:00  INFO 15668 --- [main] o.c.b.s.b.s.event.EventPublisherPlugin   : EVENTING-009: Listeners will not be invoked if a skipCustomListeners API parameter is set to true by user.
2023-12-28T11:32:54.047-05:00  INFO 15668 --- [main] o.c.b.s.b.s.event.EventPublisherPlugin   : EVENTING-007: History events will be published as Spring events.
2023-12-28T11:32:54.245-05:00  INFO 15668 --- [main] org.camunda.bpm.connect                  : CNCT-01004 Discovered provider for connector id 'http-connector' and class 'org.camunda.connect.httpclient.impl.HttpConnectorImpl': 'org.camunda.connect.httpclient.impl.HttpConnectorProviderImpl'
2023-12-28T11:32:54.248-05:00  INFO 15668 --- [main] org.camunda.bpm.connect                  : CNCT-01004 Discovered provider for connector id 'soap-http-connector' and class 'org.camunda.connect.httpclient.soap.impl.SoapHttpConnectorImpl': 'org.camunda.connect.httpclient.soap.impl.SoapHttpConnectorProviderImpl'
2023-12-28T11:32:54.257-05:00  INFO 15668 --- [main] org.camunda.spin                         : SPIN-01010 Discovered Spin data format provider: org.camunda.spin.impl.json.jackson.format.JacksonJsonDataFormatProvider[name = application/json]
2023-12-28T11:32:54.502-05:00  INFO 15668 --- [main] org.camunda.spin                         : SPIN-01010 Discovered Spin data format provider: org.camunda.spin.impl.xml.dom.format.DomXmlDataFormatProvider[name = application/xml]
2023-12-28T11:32:54.626-05:00  INFO 15668 --- [main] org.camunda.spin                         : SPIN-01009 Discovered Spin data format: org.camunda.spin.impl.xml.dom.format.DomXmlDataFormat[name = application/xml]
2023-12-28T11:32:54.626-05:00  INFO 15668 --- [main] org.camunda.spin                         : SPIN-01009 Discovered Spin data format: org.camunda.spin.impl.json.jackson.format.JacksonJsonDataFormat[name = application/json]
2023-12-28T11:32:54.796-05:00  INFO 15668 --- [main] org.camunda.bpm.dmn.feel.scala           : FEEL/SCALA-01001 Spin value mapper detected
2023-12-28T11:32:54.956-05:00  INFO 15668 --- [main] org.camunda.feel.FeelEngine              : Engine created. [value-mapper: CompositeValueMapper(List(org.camunda.feel.impl.JavaValueMapper@2b03d52f, org.camunda.spin.plugin.impl.feel.integration.SpinValueMapper@37e0292a)), function-provider: org.camunda.bpm.dmn.feel.impl.scala.function.CustomFunctionTransformer@1a865273, clock: SystemClock, configuration: Configuration(false)]
2023-12-28T11:32:55.097-05:00  INFO 15668 --- [main] com.zaxxer.hikari.HikariDataSource       : HikariPool-1 - Starting...
2023-12-28T11:32:55.370-05:00  INFO 15668 --- [main] com.zaxxer.hikari.pool.HikariPool        : HikariPool-1 - Added connection ConnectionID:1 ClientConnectionId: d19da694-a107-4637-99d7-0197f00c9ddb
2023-12-28T11:32:55.374-05:00  INFO 15668 --- [main] com.zaxxer.hikari.HikariDataSource       : HikariPool-1 - Start completed.
2023-12-28T11:32:58.753-05:00  INFO 15668 --- [main] org.camunda.bpm.engine                   : ENGINE-00001 Process Engine default created.
2023-12-28T11:32:59.551-05:00  INFO 15668 --- [main] o.c.b.s.b.s.w.f.LazyInitRegistration     : lazy initialized org.camunda.bpm.spring.boot.starter.webapp.filter.LazyProcessEnginesFilter@5432050b
2023-12-28T11:32:59.686-05:00  INFO 15668 --- [main] o.c.b.s.b.s.w.f.LazyInitRegistration     : lazy initialized org.camunda.bpm.spring.boot.starter.webapp.filter.LazySecurityFilter@5cbb84b1
2023-12-28T11:32:59.707-05:00  WARN 15668 --- [main] .b.a.g.t.GroovyTemplateAutoConfiguration : Cannot find template location: classpath:/templates/ (please add some templates, check your Groovy configuration, or set spring.groovy.template.check-template-location=false)
2023-12-28T11:33:00.469-05:00  INFO 15668 --- [main] o.a.t.util.net.NioEndpoint.certificate   : Connector [https-jsse-nio-8443], TLS virtual host [_default_], certificate type [UNDEFINED] configured from keystore [C:\Users\Arman\.keystore] using alias [camunda] with trust store [null]
2023-12-28T11:33:00.513-05:00  INFO 15668 --- [main] o.s.b.w.embedded.tomcat.TomcatWebServer  : Tomcat started on port(s): 8443 (https) with context path ''
2023-12-28T11:33:00.559-05:00  INFO 15668 --- [main] org.camunda.bpm.run.CamundaBpmRun        : Started CamundaBpmRun in 10.139 seconds (process running for 10.94)
2023-12-28T11:33:00.562-05:00  INFO 15668 --- [main] org.camunda.bpm.engine.jobexecutor       : ENGINE-14014 Starting up the JobExecutor[org.camunda.bpm.engine.spring.components.jobexecutor.SpringJobExecutor].
2023-12-28T11:33:00.568-05:00  INFO 15668 --- [JobExecutor[org.camunda.bpm.engine.spring.components.jobexecutor.SpringJobExecutor]] org.camunda.bpm.engine.jobexecutor       : ENGINE-14018 JobExecutor[org.camunda.bpm.engine.spring.components.jobexecutor.SpringJobExecutor] starting to acquire jobs
2023-12-28T11:33:05.996-05:00  INFO 15668 --- [https-jsse-nio-8443-exec-9] o.a.c.c.C.[Tomcat].[localhost].[/]       : Initializing Spring DispatcherServlet 'dispatcherServlet'
2023-12-28T11:33:05.997-05:00  INFO 15668 --- [https-jsse-nio-8443-exec-9] o.s.web.servlet.DispatcherServlet        : Initializing Servlet 'dispatcherServlet'
2023-12-28T11:33:05.999-05:00  INFO 15668 --- [https-jsse-nio-8443-exec-9] o.s.web.servlet.DispatcherServlet        : Completed initialization in 1 ms
